<?xml version="1.0" encoding="UTF-8"?>
<!-- Generated by org.testng.reporters.JUnitReportReporter -->
<testsuite skipped="0" hostname="DESKTOP-1V5OVE0" name="org.sample.DataDriven" tests="5" failures="0" timestamp="06 Sep 2020 13:50:14 GMT" time="12.516" errors="0">
  <testcase name="testCase1" time="1.483" classname="org.sample.DataDriven"/>
  <testcase name="testCase1" time="1.749" classname="org.sample.DataDriven"/>
  <testcase name="testCase1" time="2.492" classname="org.sample.DataDriven"/>
  <testcase name="testCase1" time="5.614" classname="org.sample.DataDriven"/>
  <testcase name="testCase1" time="1.178" classname="org.sample.DataDriven"/>
</testsuite> <!-- org.sample.DataDriven -->
