<?xml version="1.0" encoding="UTF-8"?>
<!-- Generated by org.testng.reporters.JUnitReportReporter -->
<testsuite skipped="0" hostname="DESKTOP-1V5OVE0" name="org.sample.Introduction" tests="4" failures="0" timestamp="09 Sep 2020 18:43:48 GMT" time="26.926" errors="0">
  <testcase name="testCase1" time="5.762" classname="org.sample.Introduction"/>
  <testcase name="testCase2" time="5.589" classname="org.sample.Introduction"/>
  <testcase name="testCase3" time="7.444" classname="org.sample.Introduction"/>
  <testcase name="testCase4" time="8.131" classname="org.sample.Introduction"/>
</testsuite> <!-- org.sample.Introduction -->
