<?xml version="1.0" encoding="UTF-8"?>
<!-- Generated by org.testng.reporters.JUnitReportReporter -->
<testsuite skipped="0" hostname="DESKTOP-1V5OVE0" name="org.sample.CrossBrowser" tests="2" failures="0" timestamp="09 Sep 2020 19:40:46 GMT" time="15.980" errors="0">
  <testcase name="testCase1" time="7.990" classname="org.sample.CrossBrowser"/>
  <testcase name="testCase1" time="7.990" classname="org.sample.CrossBrowser"/>
</testsuite> <!-- org.sample.CrossBrowser -->
