<?xml version="1.0" encoding="UTF-8"?>
<!-- Generated by org.testng.reporters.JUnitReportReporter -->
<testsuite skipped="0" hostname="DESKTOP-1V5OVE0" name="org.sample.ParallelExecution" tests="4" failures="0" timestamp="09 Sep 2020 19:16:28 GMT" time="74.147" errors="0">
  <testcase name="testCase1" time="8.577" classname="org.sample.ParallelExecution"/>
  <testcase name="testCase4" time="27.205" classname="org.sample.ParallelExecution"/>
  <testcase name="testCase2" time="16.497" classname="org.sample.ParallelExecution"/>
  <testcase name="testCase3" time="21.868" classname="org.sample.ParallelExecution"/>
</testsuite> <!-- org.sample.ParallelExecution -->
