<?xml version="1.0" encoding="UTF-8"?>
<!-- Generated by org.testng.reporters.JUnitReportReporter -->
<testsuite skipped="0" hostname="DESKTOP-1V5OVE0" name="org.sample.Parameters" tests="2" failures="0" timestamp="09 Sep 2020 16:49:56 GMT" time="5.319" errors="0">
  <testcase name="testCase3" time="0.418" classname="org.sample.Parameters"/>
  <testcase name="testCase2" time="4.901" classname="org.sample.Parameters"/>
</testsuite> <!-- org.sample.Parameters -->
