<?xml version="1.0" encoding="UTF-8"?>
<!-- Generated by org.testng.reporters.JUnitReportReporter -->
<testsuite skipped="0" hostname="DESKTOP-1V5OVE0" name="org.sample.ParallelExecutionTwo" tests="4" failures="0" timestamp="09 Sep 2020 19:16:28 GMT" time="43.541" errors="0">
  <testcase name="testCase3" time="25.439" classname="org.sample.ParallelExecutionTwo"/>
  <testcase name="testCase1" time="5.049" classname="org.sample.ParallelExecutionTwo"/>
  <testcase name="testCase2" time="1.444" classname="org.sample.ParallelExecutionTwo"/>
  <testcase name="testCase4" time="11.609" classname="org.sample.ParallelExecutionTwo"/>
</testsuite> <!-- org.sample.ParallelExecutionTwo -->
